

Started GET "/" for 127.0.0.1 at 2014-07-15 23:45:56 -0300
Processing by Rails::WelcomeController#index as HTML
  Rendered /Users/gabrielbarbier/.rvm/gems/ruby-2.1.2/gems/railties-4.1.4/lib/rails/templates/rails/welcome/index.html.erb (1.9ms)
Completed 200 OK in 48ms (Views: 29.7ms | ActiveRecord: 0.0ms)
  [1m[36m (1.4ms)[0m  [1mCREATE TABLE "schema_migrations" ("version" varchar(255) NOT NULL) [0m
  [1m[35m (0.1ms)[0m  select sqlite_version(*)
  [1m[36m (1.2ms)[0m  [1mCREATE UNIQUE INDEX "unique_schema_migrations" ON "schema_migrations" ("version")[0m
  [1m[35mActiveRecord::SchemaMigration Load (0.1ms)[0m  SELECT "schema_migrations".* FROM "schema_migrations"
Migrating to CreateRooms (20140716025145)
  [1m[36m (0.1ms)[0m  [1mbegin transaction[0m
  [1m[35m (0.4ms)[0m  CREATE TABLE "rooms" ("id" INTEGER PRIMARY KEY AUTOINCREMENT NOT NULL, "title" varchar(255), "location" varchar(255), "description" text, "created_at" datetime, "updated_at" datetime) 
  [1m[36mSQL (0.2ms)[0m  [1mINSERT INTO "schema_migrations" ("version") VALUES (?)[0m  [["version", "20140716025145"]]
  [1m[35m (1.2ms)[0m  commit transaction
  [1m[36mActiveRecord::SchemaMigration Load (0.1ms)[0m  [1mSELECT "schema_migrations".* FROM "schema_migrations"[0m


Started GET "/" for 127.0.0.1 at 2014-07-15 23:53:53 -0300
  [1m[36mActiveRecord::SchemaMigration Load (0.1ms)[0m  [1mSELECT "schema_migrations".* FROM "schema_migrations"[0m
Processing by Rails::WelcomeController#index as HTML
  Rendered /Users/gabrielbarbier/.rvm/gems/ruby-2.1.2/gems/railties-4.1.4/lib/rails/templates/rails/welcome/index.html.erb (1.3ms)
Completed 200 OK in 14ms (Views: 5.4ms | ActiveRecord: 0.0ms)


Started GET "/" for 127.0.0.1 at 2014-07-15 23:54:02 -0300
Processing by Rails::WelcomeController#index as HTML
  Rendered /Users/gabrielbarbier/.rvm/gems/ruby-2.1.2/gems/railties-4.1.4/lib/rails/templates/rails/welcome/index.html.erb (0.1ms)
Completed 200 OK in 2ms (Views: 1.5ms | ActiveRecord: 0.0ms)


Started GET "/" for 127.0.0.1 at 2014-07-15 23:54:03 -0300
Processing by Rails::WelcomeController#index as HTML
  Rendered /Users/gabrielbarbier/.rvm/gems/ruby-2.1.2/gems/railties-4.1.4/lib/rails/templates/rails/welcome/index.html.erb (0.1ms)
Completed 200 OK in 1ms (Views: 1.1ms | ActiveRecord: 0.0ms)


Started GET "/rooms" for 127.0.0.1 at 2014-07-15 23:54:19 -0300
Processing by RoomsController#index as HTML
  [1m[35mRoom Load (0.1ms)[0m  SELECT "rooms".* FROM "rooms"
  Rendered rooms/index.html.erb within layouts/application (1.4ms)
Completed 200 OK in 709ms (Views: 706.9ms | ActiveRecord: 0.1ms)


Started GET "/assets/rooms.css?body=1" for 127.0.0.1 at 2014-07-15 23:54:20 -0300


Started GET "/assets/scaffolds.css?body=1" for 127.0.0.1 at 2014-07-15 23:54:20 -0300


Started GET "/assets/application.css?body=1" for 127.0.0.1 at 2014-07-15 23:54:20 -0300


Started GET "/assets/jquery.js?body=1" for 127.0.0.1 at 2014-07-15 23:54:20 -0300


Started GET "/assets/turbolinks.js?body=1" for 127.0.0.1 at 2014-07-15 23:54:20 -0300


Started GET "/assets/rooms.js?body=1" for 127.0.0.1 at 2014-07-15 23:54:20 -0300


Started GET "/assets/jquery_ujs.js?body=1" for 127.0.0.1 at 2014-07-15 23:54:20 -0300


Started GET "/assets/application.js?body=1" for 127.0.0.1 at 2014-07-15 23:54:20 -0300


Started GET "/rooms/new" for 127.0.0.1 at 2014-07-15 23:54:32 -0300
Processing by RoomsController#new as HTML
  Rendered rooms/_form.html.erb (65.3ms)
  Rendered rooms/new.html.erb within layouts/application (111.6ms)
Completed 200 OK in 118ms (Views: 116.4ms | ActiveRecord: 0.4ms)


Started POST "/rooms" for 127.0.0.1 at 2014-07-15 23:55:03 -0300
Processing by RoomsController#create as HTML
  Parameters: {"utf8"=>"✓", "authenticity_token"=>"OMdA05MPXwZtqk8FkBRjV/U+b9Wbu01e7CwyECAwAnw=", "room"=>{"title"=>"Single", "location"=>"Rio de Janeiro", "description"=>"Simple room for a single person"}, "commit"=>"Create Room"}
  [1m[36m (0.1ms)[0m  [1mbegin transaction[0m
  [1m[35mSQL (0.5ms)[0m  INSERT INTO "rooms" ("created_at", "description", "location", "title", "updated_at") VALUES (?, ?, ?, ?, ?)  [["created_at", "2014-07-16 02:55:03.788044"], ["description", "Simple room for a single person"], ["location", "Rio de Janeiro"], ["title", "Single"], ["updated_at", "2014-07-16 02:55:03.788044"]]
  [1m[36m (1.1ms)[0m  [1mcommit transaction[0m
Redirected to http://localhost:3000/rooms/1
Completed 302 Found in 26ms (ActiveRecord: 1.7ms)


Started GET "/rooms/1" for 127.0.0.1 at 2014-07-15 23:55:03 -0300
Processing by RoomsController#show as HTML
  Parameters: {"id"=>"1"}
  [1m[35mRoom Load (0.3ms)[0m  SELECT  "rooms".* FROM "rooms"  WHERE "rooms"."id" = ? LIMIT 1  [["id", 1]]
  Rendered rooms/show.html.erb within layouts/application (0.9ms)
Completed 200 OK in 7ms (Views: 4.9ms | ActiveRecord: 0.3ms)


Started GET "/assets/rooms.css?body=1" for 127.0.0.1 at 2014-07-15 23:55:03 -0300


Started GET "/assets/rooms.js?body=1" for 127.0.0.1 at 2014-07-15 23:55:03 -0300


Started GET "/assets/scaffolds.css?body=1" for 127.0.0.1 at 2014-07-15 23:55:03 -0300


Started GET "/assets/application.css?body=1" for 127.0.0.1 at 2014-07-15 23:55:03 -0300


Started GET "/assets/jquery.js?body=1" for 127.0.0.1 at 2014-07-15 23:55:03 -0300


Started GET "/assets/application.js?body=1" for 127.0.0.1 at 2014-07-15 23:55:03 -0300


Started GET "/assets/jquery_ujs.js?body=1" for 127.0.0.1 at 2014-07-15 23:55:03 -0300


Started GET "/assets/turbolinks.js?body=1" for 127.0.0.1 at 2014-07-15 23:55:03 -0300
  [1m[36mActiveRecord::SchemaMigration Load (0.4ms)[0m  [1mSELECT "schema_migrations".* FROM "schema_migrations"[0m
Migrating to CreateUsers (20140717023635)
  [1m[35m (0.1ms)[0m  begin transaction
  [1m[36m (0.1ms)[0m  [1mrollback transaction[0m
  [1m[36mActiveRecord::SchemaMigration Load (0.1ms)[0m  [1mSELECT "schema_migrations".* FROM "schema_migrations"[0m
Migrating to CreateUsers (20140717023635)
  [1m[35m (0.1ms)[0m  begin transaction
  [1m[36m (0.4ms)[0m  [1mCREATE TABLE "users" ("id" INTEGER PRIMARY KEY AUTOINCREMENT NOT NULL, "full_name" varchar(255), "email" varchar(255), "password" varchar(255), "location" varchar(255), "bio" text, "created_at" datetime, "updated_at" datetime) [0m
  [1m[35m (0.1ms)[0m  select sqlite_version(*)
  [1m[36m (1.0ms)[0m  [1mCREATE UNIQUE INDEX "index_users_on_email" ON "users" ("email")[0m
  [1m[35mSQL (0.3ms)[0m  INSERT INTO "schema_migrations" ("version") VALUES (?)  [["version", "20140717023635"]]
  [1m[36m (11.2ms)[0m  [1mcommit transaction[0m
  [1m[35mActiveRecord::SchemaMigration Load (0.1ms)[0m  SELECT "schema_migrations".* FROM "schema_migrations"
  [1m[36m (0.1ms)[0m  [1m            SELECT sql
            FROM sqlite_master
            WHERE name='index_users_on_email' AND type='index'
            UNION ALL
            SELECT sql
            FROM sqlite_temp_master
            WHERE name='index_users_on_email' AND type='index'
[0m
  [1m[36m (0.1ms)[0m  [1mbegin transaction[0m
  [1m[35mSQL (0.5ms)[0m  INSERT INTO "users" ("created_at", "email", "updated_at") VALUES (?, ?, ?)  [["created_at", "2014-07-17 02:49:19.730152"], ["email", "admin@example.com"], ["updated_at", "2014-07-17 02:49:19.730152"]]
  [1m[36m (1.2ms)[0m  [1mcommit transaction[0m
  [1m[36m (0.2ms)[0m  [1mbegin transaction[0m
  [1m[35m (0.1ms)[0m  rollback transaction
